2022-07-07 00:14:15.7197||INFO|Microsoft.Hosting.Lifetime|Application started. Press Ctrl+C to shut down. 
2022-07-07 00:14:15.8106||INFO|Microsoft.Hosting.Lifetime|Hosting environment: Development 
2022-07-07 00:14:15.8106||INFO|Microsoft.Hosting.Lifetime|Content root path: D:\4_GOD\SEMESTAR 2\WEB 2\Milos_Djukic_PUSGS\DeliveryManagement\GATEWAY\GatewayApi 
2022-07-07 00:14:16.0912||WARN|Microsoft.AspNetCore.HttpsPolicy.HttpsRedirectionMiddleware|Failed to determine the https port for redirect. 
2022-07-07 00:14:18.0324||INFO|System.Net.Http.HttpClient.Default.LogicalHandler|Start processing HTTP request GET http://localhost:31210/swagger/v1/swagger.json 
2022-07-07 00:14:18.0324||INFO|System.Net.Http.HttpClient.Default.ClientHandler|Sending HTTP request GET http://localhost:31210/swagger/v1/swagger.json 
2022-07-07 00:14:18.6435||INFO|System.Net.Http.HttpClient.Default.ClientHandler|Received HTTP response headers after 600.5967ms - 200 
2022-07-07 00:14:18.6507||INFO|System.Net.Http.HttpClient.Default.LogicalHandler|End processing HTTP request after 627.9948ms - 200 
2022-07-07 00:20:00.1166||INFO|Ocelot.RateLimit.Middleware.ClientRateLimitMiddleware|requestId: 80000005-0002-f800-b63f-84710c7967bb, previousRequestId: no previous request id, message: EndpointRateLimiting is not enabled for /api/users/{everything} 
2022-07-07 00:20:00.1305||INFO|Ocelot.Authentication.Middleware.AuthenticationMiddleware|requestId: 80000005-0002-f800-b63f-84710c7967bb, previousRequestId: no previous request id, message: No authentication needed for /api/users/register 
2022-07-07 00:20:00.1305||INFO|Ocelot.Authorization.Middleware.AuthorizationMiddleware|requestId: 80000005-0002-f800-b63f-84710c7967bb, previousRequestId: no previous request id, message: /api/users/{everything} route does not require user to be authorized 
2022-07-07 00:20:23.3354||INFO|Ocelot.RateLimit.Middleware.ClientRateLimitMiddleware|requestId: 80000006-0000-fa00-b63f-84710c7967bb, previousRequestId: no previous request id, message: EndpointRateLimiting is not enabled for /api/users/{everything} 
2022-07-07 00:20:23.3451||INFO|Ocelot.Authentication.Middleware.AuthenticationMiddleware|requestId: 80000006-0000-fa00-b63f-84710c7967bb, previousRequestId: no previous request id, message: No authentication needed for /api/users/register 
2022-07-07 00:20:23.3451||INFO|Ocelot.Authorization.Middleware.AuthorizationMiddleware|requestId: 80000006-0000-fa00-b63f-84710c7967bb, previousRequestId: no previous request id, message: /api/users/{everything} route does not require user to be authorized 
2022-07-07 00:20:37.2315||INFO|Ocelot.Requester.Middleware.HttpRequesterMiddleware|requestId: 80000006-0000-fa00-b63f-84710c7967bb, previousRequestId: no previous request id, message: 200 (OK) status code, request uri: http://localhost:31210/api/users/register 
2022-07-07 00:20:37.2315||INFO|Ocelot.Requester.Middleware.HttpRequesterMiddleware|requestId: 80000005-0002-f800-b63f-84710c7967bb, previousRequestId: no previous request id, message: 200 (OK) status code, request uri: http://localhost:31210/api/users/register 
2022-07-07 00:20:37.9078||INFO|Ocelot.RateLimit.Middleware.ClientRateLimitMiddleware|requestId: 80000008-0000-fa00-b63f-84710c7967bb, previousRequestId: no previous request id, message: EndpointRateLimiting is not enabled for /api/users/{everything} 
2022-07-07 00:20:37.9078||INFO|Ocelot.Authentication.Middleware.AuthenticationMiddleware|requestId: 80000008-0000-fa00-b63f-84710c7967bb, previousRequestId: no previous request id, message: No authentication needed for /api/users/change-picture/d349e8fd-9d6d-41da-ddf8-08da5f9dc031 
2022-07-07 00:20:37.9078||INFO|Ocelot.Authorization.Middleware.AuthorizationMiddleware|requestId: 80000008-0000-fa00-b63f-84710c7967bb, previousRequestId: no previous request id, message: /api/users/{everything} route does not require user to be authorized 
2022-07-07 00:20:38.9256||INFO|Ocelot.RateLimit.Middleware.ClientRateLimitMiddleware|requestId: 80000007-0002-f800-b63f-84710c7967bb, previousRequestId: no previous request id, message: EndpointRateLimiting is not enabled for /api/users/{everything} 
2022-07-07 00:20:38.9312||INFO|Ocelot.Authentication.Middleware.AuthenticationMiddleware|requestId: 80000007-0002-f800-b63f-84710c7967bb, previousRequestId: no previous request id, message: No authentication needed for /api/users/change-picture/4c09bc39-d347-4d82-ddf9-08da5f9dc031 
2022-07-07 00:20:38.9312||INFO|Ocelot.Authorization.Middleware.AuthorizationMiddleware|requestId: 80000007-0002-f800-b63f-84710c7967bb, previousRequestId: no previous request id, message: /api/users/{everything} route does not require user to be authorized 
2022-07-07 00:20:38.9468||INFO|Ocelot.Requester.Middleware.HttpRequesterMiddleware|requestId: 80000008-0000-fa00-b63f-84710c7967bb, previousRequestId: no previous request id, message: 200 (OK) status code, request uri: http://localhost:31210/api/users/change-picture/d349e8fd-9d6d-41da-ddf8-08da5f9dc031 
2022-07-07 00:20:39.4825||INFO|Ocelot.Requester.Middleware.HttpRequesterMiddleware|requestId: 80000007-0002-f800-b63f-84710c7967bb, previousRequestId: no previous request id, message: 200 (OK) status code, request uri: http://localhost:31210/api/users/change-picture/4c09bc39-d347-4d82-ddf9-08da5f9dc031 
2022-07-07 00:21:44.1296||INFO|Ocelot.RateLimit.Middleware.ClientRateLimitMiddleware|requestId: 80000007-0003-ff00-b63f-84710c7967bb, previousRequestId: no previous request id, message: EndpointRateLimiting is not enabled for /api/users/{everything} 
2022-07-07 00:21:44.1556||INFO|Ocelot.Authentication.Middleware.AuthenticationMiddleware|requestId: 80000007-0003-ff00-b63f-84710c7967bb, previousRequestId: no previous request id, message: No authentication needed for /api/users/register 
2022-07-07 00:21:44.1556||INFO|Ocelot.Authorization.Middleware.AuthorizationMiddleware|requestId: 80000007-0003-ff00-b63f-84710c7967bb, previousRequestId: no previous request id, message: /api/users/{everything} route does not require user to be authorized 
2022-07-07 00:21:44.5468||INFO|Ocelot.Requester.Middleware.HttpRequesterMiddleware|requestId: 80000007-0003-ff00-b63f-84710c7967bb, previousRequestId: no previous request id, message: 200 (OK) status code, request uri: http://localhost:31210/api/users/register 
2022-07-07 00:21:44.7302||INFO|Ocelot.RateLimit.Middleware.ClientRateLimitMiddleware|requestId: 80000009-0003-ff00-b63f-84710c7967bb, previousRequestId: no previous request id, message: EndpointRateLimiting is not enabled for /api/users/{everything} 
2022-07-07 00:21:44.7302||INFO|Ocelot.Authentication.Middleware.AuthenticationMiddleware|requestId: 80000009-0003-ff00-b63f-84710c7967bb, previousRequestId: no previous request id, message: No authentication needed for /api/users/change-picture/d799a34b-6b10-455c-ddfa-08da5f9dc031 
2022-07-07 00:21:44.7716||INFO|Ocelot.Authorization.Middleware.AuthorizationMiddleware|requestId: 80000009-0003-ff00-b63f-84710c7967bb, previousRequestId: no previous request id, message: /api/users/{everything} route does not require user to be authorized 
2022-07-07 00:21:44.8978||INFO|Ocelot.Requester.Middleware.HttpRequesterMiddleware|requestId: 80000009-0003-ff00-b63f-84710c7967bb, previousRequestId: no previous request id, message: 200 (OK) status code, request uri: http://localhost:31210/api/users/change-picture/d799a34b-6b10-455c-ddfa-08da5f9dc031 
2022-07-07 00:22:20.5055||INFO|Ocelot.RateLimit.Middleware.ClientRateLimitMiddleware|requestId: 8000000c-0003-ff00-b63f-84710c7967bb, previousRequestId: no previous request id, message: EndpointRateLimiting is not enabled for /api/users/{everything} 
2022-07-07 00:22:20.5055||INFO|Ocelot.Authentication.Middleware.AuthenticationMiddleware|requestId: 8000000c-0003-ff00-b63f-84710c7967bb, previousRequestId: no previous request id, message: No authentication needed for /api/users/register 
2022-07-07 00:22:20.5124||INFO|Ocelot.Authorization.Middleware.AuthorizationMiddleware|requestId: 8000000c-0003-ff00-b63f-84710c7967bb, previousRequestId: no previous request id, message: /api/users/{everything} route does not require user to be authorized 
2022-07-07 00:22:20.8145||INFO|Ocelot.Requester.Middleware.HttpRequesterMiddleware|requestId: 8000000c-0003-ff00-b63f-84710c7967bb, previousRequestId: no previous request id, message: 200 (OK) status code, request uri: http://localhost:31210/api/users/register 
2022-07-07 00:22:21.0946||INFO|Ocelot.RateLimit.Middleware.ClientRateLimitMiddleware|requestId: 8000000e-0003-ff00-b63f-84710c7967bb, previousRequestId: no previous request id, message: EndpointRateLimiting is not enabled for /api/users/{everything} 
2022-07-07 00:22:21.0946||INFO|Ocelot.Authentication.Middleware.AuthenticationMiddleware|requestId: 8000000e-0003-ff00-b63f-84710c7967bb, previousRequestId: no previous request id, message: No authentication needed for /api/users/change-picture/f6e92505-3512-4148-ddfb-08da5f9dc031 
2022-07-07 00:22:21.0946||INFO|Ocelot.Authorization.Middleware.AuthorizationMiddleware|requestId: 8000000e-0003-ff00-b63f-84710c7967bb, previousRequestId: no previous request id, message: /api/users/{everything} route does not require user to be authorized 
2022-07-07 00:22:21.1739||INFO|Ocelot.Requester.Middleware.HttpRequesterMiddleware|requestId: 8000000e-0003-ff00-b63f-84710c7967bb, previousRequestId: no previous request id, message: 200 (OK) status code, request uri: http://localhost:31210/api/users/change-picture/f6e92505-3512-4148-ddfb-08da5f9dc031 
2022-07-07 00:26:15.6269||INFO|Ocelot.RateLimit.Middleware.ClientRateLimitMiddleware|requestId: 80000011-0003-ff00-b63f-84710c7967bb, previousRequestId: no previous request id, message: EndpointRateLimiting is not enabled for /api/users/{everything} 
2022-07-07 00:26:15.6269||INFO|Ocelot.Authentication.Middleware.AuthenticationMiddleware|requestId: 80000011-0003-ff00-b63f-84710c7967bb, previousRequestId: no previous request id, message: No authentication needed for /api/users/register 
2022-07-07 00:26:15.6349||INFO|Ocelot.Authorization.Middleware.AuthorizationMiddleware|requestId: 80000011-0003-ff00-b63f-84710c7967bb, previousRequestId: no previous request id, message: /api/users/{everything} route does not require user to be authorized 
2022-07-07 00:26:15.8121||INFO|Ocelot.Requester.Middleware.HttpRequesterMiddleware|requestId: 80000011-0003-ff00-b63f-84710c7967bb, previousRequestId: no previous request id, message: 400 (Bad Request) status code, request uri: http://localhost:31210/api/users/register 
2022-07-07 00:28:15.6360||INFO|Ocelot.RateLimit.Middleware.ClientRateLimitMiddleware|requestId: 8000000b-0002-f900-b63f-84710c7967bb, previousRequestId: no previous request id, message: EndpointRateLimiting is not enabled for /api/users/{everything} 
2022-07-07 00:28:15.6360||INFO|Ocelot.Authentication.Middleware.AuthenticationMiddleware|requestId: 8000000b-0002-f900-b63f-84710c7967bb, previousRequestId: no previous request id, message: No authentication needed for /api/users/login 
2022-07-07 00:28:15.6360||INFO|Ocelot.Authorization.Middleware.AuthorizationMiddleware|requestId: 8000000b-0002-f900-b63f-84710c7967bb, previousRequestId: no previous request id, message: /api/users/{everything} route does not require user to be authorized 
2022-07-07 00:28:17.0249||INFO|Ocelot.Requester.Middleware.HttpRequesterMiddleware|requestId: 8000000b-0002-f900-b63f-84710c7967bb, previousRequestId: no previous request id, message: 200 (OK) status code, request uri: http://localhost:31210/api/users/login 
2022-07-07 00:28:17.1054||INFO|Ocelot.RateLimit.Middleware.ClientRateLimitMiddleware|requestId: 8000000d-0002-f900-b63f-84710c7967bb, previousRequestId: no previous request id, message: EndpointRateLimiting is not enabled for /api/delivery/{everything} 
2022-07-07 00:28:17.1054||INFO|Ocelot.Authentication.Middleware.AuthenticationMiddleware|requestId: 8000000d-0002-f900-b63f-84710c7967bb, previousRequestId: no previous request id, message: No authentication needed for /api/delivery/admin/all-orders 
2022-07-07 00:28:17.1054||INFO|Ocelot.Authorization.Middleware.AuthorizationMiddleware|requestId: 8000000d-0002-f900-b63f-84710c7967bb, previousRequestId: no previous request id, message: /api/delivery/{everything} route does not require user to be authorized 
2022-07-07 00:28:18.3776||WARN|Ocelot.Requester.Middleware.HttpRequesterMiddleware|requestId: 8000000d-0002-f900-b63f-84710c7967bb, previousRequestId: no previous request id, message: 401 (Unauthorized) status code, request uri: http://localhost:23170/api/delivery/admin/all-orders 
2022-07-07 00:30:00.3237||INFO|Ocelot.RateLimit.Middleware.ClientRateLimitMiddleware|requestId: 8000000a-0000-fb00-b63f-84710c7967bb, previousRequestId: no previous request id, message: EndpointRateLimiting is not enabled for /api/users/{everything} 
2022-07-07 00:30:00.3237||INFO|Ocelot.Authentication.Middleware.AuthenticationMiddleware|requestId: 8000000a-0000-fb00-b63f-84710c7967bb, previousRequestId: no previous request id, message: No authentication needed for /api/users/login 
2022-07-07 00:30:00.3237||INFO|Ocelot.Authorization.Middleware.AuthorizationMiddleware|requestId: 8000000a-0000-fb00-b63f-84710c7967bb, previousRequestId: no previous request id, message: /api/users/{everything} route does not require user to be authorized 
2022-07-07 00:30:00.9301||INFO|Ocelot.Requester.Middleware.HttpRequesterMiddleware|requestId: 8000000a-0000-fb00-b63f-84710c7967bb, previousRequestId: no previous request id, message: 200 (OK) status code, request uri: http://localhost:31210/api/users/login 
2022-07-07 00:30:01.0114||INFO|Ocelot.RateLimit.Middleware.ClientRateLimitMiddleware|requestId: 8000000c-0000-fb00-b63f-84710c7967bb, previousRequestId: no previous request id, message: EndpointRateLimiting is not enabled for /api/delivery/{everything} 
2022-07-07 00:30:01.0114||INFO|Ocelot.Authentication.Middleware.AuthenticationMiddleware|requestId: 8000000c-0000-fb00-b63f-84710c7967bb, previousRequestId: no previous request id, message: No authentication needed for /api/delivery/admin/all-orders 
2022-07-07 00:30:01.0114||INFO|Ocelot.Authorization.Middleware.AuthorizationMiddleware|requestId: 8000000c-0000-fb00-b63f-84710c7967bb, previousRequestId: no previous request id, message: /api/delivery/{everything} route does not require user to be authorized 
2022-07-07 00:30:01.0569||WARN|Ocelot.Requester.Middleware.HttpRequesterMiddleware|requestId: 8000000c-0000-fb00-b63f-84710c7967bb, previousRequestId: no previous request id, message: 401 (Unauthorized) status code, request uri: http://localhost:23170/api/delivery/admin/all-orders 
2022-07-07 00:30:10.9928||INFO|Ocelot.RateLimit.Middleware.ClientRateLimitMiddleware|requestId: 8000000e-0000-fb00-b63f-84710c7967bb, previousRequestId: no previous request id, message: EndpointRateLimiting is not enabled for /api/users/{everything} 
2022-07-07 00:30:11.0301||INFO|Ocelot.Authentication.Middleware.AuthenticationMiddleware|requestId: 8000000e-0000-fb00-b63f-84710c7967bb, previousRequestId: no previous request id, message: No authentication needed for /api/users/login 
2022-07-07 00:30:11.0301||INFO|Ocelot.Authorization.Middleware.AuthorizationMiddleware|requestId: 8000000e-0000-fb00-b63f-84710c7967bb, previousRequestId: no previous request id, message: /api/users/{everything} route does not require user to be authorized 
2022-07-07 00:30:11.5918||INFO|Ocelot.Requester.Middleware.HttpRequesterMiddleware|requestId: 8000000e-0000-fb00-b63f-84710c7967bb, previousRequestId: no previous request id, message: 200 (OK) status code, request uri: http://localhost:31210/api/users/login 
2022-07-07 00:30:11.6643||INFO|Ocelot.RateLimit.Middleware.ClientRateLimitMiddleware|requestId: 80000010-0000-fb00-b63f-84710c7967bb, previousRequestId: no previous request id, message: EndpointRateLimiting is not enabled for /api/delivery/{everything} 
2022-07-07 00:30:11.6741||INFO|Ocelot.Authentication.Middleware.AuthenticationMiddleware|requestId: 80000010-0000-fb00-b63f-84710c7967bb, previousRequestId: no previous request id, message: No authentication needed for /api/delivery/admin/all-orders 
2022-07-07 00:30:11.6741||INFO|Ocelot.Authorization.Middleware.AuthorizationMiddleware|requestId: 80000010-0000-fb00-b63f-84710c7967bb, previousRequestId: no previous request id, message: /api/delivery/{everything} route does not require user to be authorized 
2022-07-07 00:30:11.6951||WARN|Ocelot.Requester.Middleware.HttpRequesterMiddleware|requestId: 80000010-0000-fb00-b63f-84710c7967bb, previousRequestId: no previous request id, message: 401 (Unauthorized) status code, request uri: http://localhost:23170/api/delivery/admin/all-orders 
2022-07-07 00:31:52.1716||INFO|Ocelot.RateLimit.Middleware.ClientRateLimitMiddleware|requestId: 80000007-0001-fd00-b63f-84710c7967bb, previousRequestId: no previous request id, message: EndpointRateLimiting is not enabled for /api/users/{everything} 
2022-07-07 00:31:52.1818||INFO|Ocelot.Authentication.Middleware.AuthenticationMiddleware|requestId: 80000007-0001-fd00-b63f-84710c7967bb, previousRequestId: no previous request id, message: No authentication needed for /api/users/login 
2022-07-07 00:31:52.1818||INFO|Ocelot.Authorization.Middleware.AuthorizationMiddleware|requestId: 80000007-0001-fd00-b63f-84710c7967bb, previousRequestId: no previous request id, message: /api/users/{everything} route does not require user to be authorized 
2022-07-07 00:31:52.8020||INFO|Ocelot.Requester.Middleware.HttpRequesterMiddleware|requestId: 80000007-0001-fd00-b63f-84710c7967bb, previousRequestId: no previous request id, message: 200 (OK) status code, request uri: http://localhost:31210/api/users/login 
2022-07-07 00:31:52.8585||INFO|Ocelot.RateLimit.Middleware.ClientRateLimitMiddleware|requestId: 80000009-0001-fd00-b63f-84710c7967bb, previousRequestId: no previous request id, message: EndpointRateLimiting is not enabled for /api/delivery/{everything} 
2022-07-07 00:31:52.8585||INFO|Ocelot.Authentication.Middleware.AuthenticationMiddleware|requestId: 80000009-0001-fd00-b63f-84710c7967bb, previousRequestId: no previous request id, message: No authentication needed for /api/delivery/admin/all-orders 
2022-07-07 00:31:52.8585||INFO|Ocelot.Authorization.Middleware.AuthorizationMiddleware|requestId: 80000009-0001-fd00-b63f-84710c7967bb, previousRequestId: no previous request id, message: /api/delivery/{everything} route does not require user to be authorized 
2022-07-07 00:31:52.8915||WARN|Ocelot.Requester.Middleware.HttpRequesterMiddleware|requestId: 80000009-0001-fd00-b63f-84710c7967bb, previousRequestId: no previous request id, message: 401 (Unauthorized) status code, request uri: http://localhost:23170/api/delivery/admin/all-orders 
2022-07-07 00:32:10.7029||INFO|Ocelot.RateLimit.Middleware.ClientRateLimitMiddleware|requestId: 8000000b-0001-fd00-b63f-84710c7967bb, previousRequestId: no previous request id, message: EndpointRateLimiting is not enabled for /api/users/{everything} 
2022-07-07 00:32:10.7029||INFO|Ocelot.Authentication.Middleware.AuthenticationMiddleware|requestId: 8000000b-0001-fd00-b63f-84710c7967bb, previousRequestId: no previous request id, message: No authentication needed for /api/users/login 
2022-07-07 00:32:10.7141||INFO|Ocelot.Authorization.Middleware.AuthorizationMiddleware|requestId: 8000000b-0001-fd00-b63f-84710c7967bb, previousRequestId: no previous request id, message: /api/users/{everything} route does not require user to be authorized 
2022-07-07 00:32:11.2870||INFO|Ocelot.Requester.Middleware.HttpRequesterMiddleware|requestId: 8000000b-0001-fd00-b63f-84710c7967bb, previousRequestId: no previous request id, message: 200 (OK) status code, request uri: http://localhost:31210/api/users/login 
2022-07-07 00:32:11.3628||INFO|Ocelot.RateLimit.Middleware.ClientRateLimitMiddleware|requestId: 8000000d-0001-fd00-b63f-84710c7967bb, previousRequestId: no previous request id, message: EndpointRateLimiting is not enabled for /api/delivery/{everything} 
2022-07-07 00:32:11.3691||INFO|Ocelot.Authentication.Middleware.AuthenticationMiddleware|requestId: 8000000d-0001-fd00-b63f-84710c7967bb, previousRequestId: no previous request id, message: No authentication needed for /api/delivery/admin/all-orders 
2022-07-07 00:32:11.3691||INFO|Ocelot.Authorization.Middleware.AuthorizationMiddleware|requestId: 8000000d-0001-fd00-b63f-84710c7967bb, previousRequestId: no previous request id, message: /api/delivery/{everything} route does not require user to be authorized 
2022-07-07 00:32:11.3844||WARN|Ocelot.Requester.Middleware.HttpRequesterMiddleware|requestId: 8000000d-0001-fd00-b63f-84710c7967bb, previousRequestId: no previous request id, message: 401 (Unauthorized) status code, request uri: http://localhost:23170/api/delivery/admin/all-orders 
2022-07-07 00:34:08.8633||INFO|Microsoft.Hosting.Lifetime|Application started. Press Ctrl+C to shut down. 
2022-07-07 00:34:08.9163||INFO|Microsoft.Hosting.Lifetime|Hosting environment: Development 
2022-07-07 00:34:08.9373||INFO|Microsoft.Hosting.Lifetime|Content root path: D:\4_GOD\SEMESTAR 2\WEB 2\Milos_Djukic_PUSGS\DeliveryManagement\GATEWAY\GatewayApi 
2022-07-07 00:34:08.9749||WARN|Microsoft.AspNetCore.HttpsPolicy.HttpsRedirectionMiddleware|Failed to determine the https port for redirect. 
2022-07-07 00:34:10.0190||INFO|System.Net.Http.HttpClient.Default.LogicalHandler|Start processing HTTP request GET http://localhost:31210/swagger/v1/swagger.json 
2022-07-07 00:34:10.0190||INFO|System.Net.Http.HttpClient.Default.ClientHandler|Sending HTTP request GET http://localhost:31210/swagger/v1/swagger.json 
2022-07-07 00:34:10.5083||INFO|System.Net.Http.HttpClient.Default.ClientHandler|Received HTTP response headers after 477.7575ms - 200 
2022-07-07 00:34:10.5162||INFO|System.Net.Http.HttpClient.Default.LogicalHandler|End processing HTTP request after 500.9504ms - 200 
2022-07-07 00:34:31.5636||INFO|Ocelot.RateLimit.Middleware.ClientRateLimitMiddleware|requestId: 80000017-0003-ff00-b63f-84710c7967bb, previousRequestId: no previous request id, message: EndpointRateLimiting is not enabled for /api/users/{everything} 
2022-07-07 00:34:31.5636||INFO|Ocelot.Authentication.Middleware.AuthenticationMiddleware|requestId: 80000017-0003-ff00-b63f-84710c7967bb, previousRequestId: no previous request id, message: No authentication needed for /api/users/login 
2022-07-07 00:34:31.5728||INFO|Ocelot.Authorization.Middleware.AuthorizationMiddleware|requestId: 80000017-0003-ff00-b63f-84710c7967bb, previousRequestId: no previous request id, message: /api/users/{everything} route does not require user to be authorized 
2022-07-07 00:34:34.5742||INFO|Ocelot.Requester.Middleware.HttpRequesterMiddleware|requestId: 80000017-0003-ff00-b63f-84710c7967bb, previousRequestId: no previous request id, message: 200 (OK) status code, request uri: http://localhost:31210/api/users/login 
2022-07-07 00:34:34.6797||INFO|Ocelot.RateLimit.Middleware.ClientRateLimitMiddleware|requestId: 80000019-0003-ff00-b63f-84710c7967bb, previousRequestId: no previous request id, message: EndpointRateLimiting is not enabled for /api/delivery/{everything} 
2022-07-07 00:34:34.6830||INFO|Ocelot.Authentication.Middleware.AuthenticationMiddleware|requestId: 80000019-0003-ff00-b63f-84710c7967bb, previousRequestId: no previous request id, message: No authentication needed for /api/delivery/admin/all-orders 
2022-07-07 00:34:34.6830||INFO|Ocelot.Authorization.Middleware.AuthorizationMiddleware|requestId: 80000019-0003-ff00-b63f-84710c7967bb, previousRequestId: no previous request id, message: /api/delivery/{everything} route does not require user to be authorized 
2022-07-07 00:34:35.1427||WARN|Ocelot.Requester.Middleware.HttpRequesterMiddleware|requestId: 80000019-0003-ff00-b63f-84710c7967bb, previousRequestId: no previous request id, message: 401 (Unauthorized) status code, request uri: http://localhost:23170/api/delivery/admin/all-orders 
2022-07-07 00:38:08.4425||INFO|Microsoft.Hosting.Lifetime|Application started. Press Ctrl+C to shut down. 
2022-07-07 00:38:08.5176||INFO|Microsoft.Hosting.Lifetime|Hosting environment: Development 
2022-07-07 00:38:08.5336||INFO|Microsoft.Hosting.Lifetime|Content root path: D:\4_GOD\SEMESTAR 2\WEB 2\Milos_Djukic_PUSGS\DeliveryManagement\GATEWAY\GatewayApi 
2022-07-07 00:38:08.6270||WARN|Microsoft.AspNetCore.HttpsPolicy.HttpsRedirectionMiddleware|Failed to determine the https port for redirect. 
2022-07-07 00:38:09.3292||INFO|System.Net.Http.HttpClient.Default.LogicalHandler|Start processing HTTP request GET http://localhost:31210/swagger/v1/swagger.json 
2022-07-07 00:38:09.3292||INFO|System.Net.Http.HttpClient.Default.ClientHandler|Sending HTTP request GET http://localhost:31210/swagger/v1/swagger.json 
2022-07-07 00:38:09.5233||INFO|System.Net.Http.HttpClient.Default.ClientHandler|Received HTTP response headers after 181.7742ms - 200 
2022-07-07 00:38:09.5289||INFO|System.Net.Http.HttpClient.Default.LogicalHandler|End processing HTTP request after 209.3237ms - 200 
2022-07-07 00:38:20.8836||INFO|Ocelot.RateLimit.Middleware.ClientRateLimitMiddleware|requestId: 8000001c-0003-ff00-b63f-84710c7967bb, previousRequestId: no previous request id, message: EndpointRateLimiting is not enabled for /api/users/{everything} 
2022-07-07 00:38:20.8898||INFO|Ocelot.Authentication.Middleware.AuthenticationMiddleware|requestId: 8000001c-0003-ff00-b63f-84710c7967bb, previousRequestId: no previous request id, message: No authentication needed for /api/users/login 
2022-07-07 00:38:20.8898||INFO|Ocelot.Authorization.Middleware.AuthorizationMiddleware|requestId: 8000001c-0003-ff00-b63f-84710c7967bb, previousRequestId: no previous request id, message: /api/users/{everything} route does not require user to be authorized 
2022-07-07 00:38:23.2571||INFO|Ocelot.Requester.Middleware.HttpRequesterMiddleware|requestId: 8000001c-0003-ff00-b63f-84710c7967bb, previousRequestId: no previous request id, message: 200 (OK) status code, request uri: http://localhost:31210/api/users/login 
2022-07-07 00:38:23.3446||INFO|Ocelot.RateLimit.Middleware.ClientRateLimitMiddleware|requestId: 8000001e-0003-ff00-b63f-84710c7967bb, previousRequestId: no previous request id, message: EndpointRateLimiting is not enabled for /api/delivery/{everything} 
2022-07-07 00:38:23.3446||INFO|Ocelot.Authentication.Middleware.AuthenticationMiddleware|requestId: 8000001e-0003-ff00-b63f-84710c7967bb, previousRequestId: no previous request id, message: No authentication needed for /api/delivery/admin/all-orders 
2022-07-07 00:38:23.3525||INFO|Ocelot.Authorization.Middleware.AuthorizationMiddleware|requestId: 8000001e-0003-ff00-b63f-84710c7967bb, previousRequestId: no previous request id, message: /api/delivery/{everything} route does not require user to be authorized 
2022-07-07 00:38:26.7618||INFO|Ocelot.Requester.Middleware.HttpRequesterMiddleware|requestId: 8000001e-0003-ff00-b63f-84710c7967bb, previousRequestId: no previous request id, message: 200 (OK) status code, request uri: http://localhost:23170/api/delivery/admin/all-orders 
2022-07-07 00:39:40.9648||INFO|Ocelot.RateLimit.Middleware.ClientRateLimitMiddleware|requestId: 80000006-0002-fc00-b63f-84710c7967bb, previousRequestId: no previous request id, message: EndpointRateLimiting is not enabled for /api/delivery/{everything} 
2022-07-07 00:39:40.9648||INFO|Ocelot.Authentication.Middleware.AuthenticationMiddleware|requestId: 80000006-0002-fc00-b63f-84710c7967bb, previousRequestId: no previous request id, message: No authentication needed for /api/delivery/admin/add-article 
2022-07-07 00:39:40.9798||INFO|Ocelot.Authorization.Middleware.AuthorizationMiddleware|requestId: 80000006-0002-fc00-b63f-84710c7967bb, previousRequestId: no previous request id, message: /api/delivery/{everything} route does not require user to be authorized 
2022-07-07 00:39:41.4751||INFO|Ocelot.Requester.Middleware.HttpRequesterMiddleware|requestId: 80000006-0002-fc00-b63f-84710c7967bb, previousRequestId: no previous request id, message: 200 (OK) status code, request uri: http://localhost:23170/api/delivery/admin/add-article 
2022-07-07 00:40:16.1830||INFO|Ocelot.RateLimit.Middleware.ClientRateLimitMiddleware|requestId: 80000008-0000-fd00-b63f-84710c7967bb, previousRequestId: no previous request id, message: EndpointRateLimiting is not enabled for /api/delivery/{everything} 
2022-07-07 00:40:16.1830||INFO|Ocelot.Authentication.Middleware.AuthenticationMiddleware|requestId: 80000008-0000-fd00-b63f-84710c7967bb, previousRequestId: no previous request id, message: No authentication needed for /api/delivery/admin/add-article 
2022-07-07 00:40:16.1830||INFO|Ocelot.Authorization.Middleware.AuthorizationMiddleware|requestId: 80000008-0000-fd00-b63f-84710c7967bb, previousRequestId: no previous request id, message: /api/delivery/{everything} route does not require user to be authorized 
2022-07-07 00:40:16.3431||INFO|Ocelot.Requester.Middleware.HttpRequesterMiddleware|requestId: 80000008-0000-fd00-b63f-84710c7967bb, previousRequestId: no previous request id, message: 400 (Bad Request) status code, request uri: http://localhost:23170/api/delivery/admin/add-article 
2022-07-07 00:47:30.1301||INFO|Ocelot.RateLimit.Middleware.ClientRateLimitMiddleware|requestId: 80000021-0003-ff00-b63f-84710c7967bb, previousRequestId: no previous request id, message: EndpointRateLimiting is not enabled for /api/delivery/{everything} 
2022-07-07 00:47:30.1399||INFO|Ocelot.Authentication.Middleware.AuthenticationMiddleware|requestId: 80000021-0003-ff00-b63f-84710c7967bb, previousRequestId: no previous request id, message: No authentication needed for /api/delivery/admin/add-article 
2022-07-07 00:47:30.1399||INFO|Ocelot.Authorization.Middleware.AuthorizationMiddleware|requestId: 80000021-0003-ff00-b63f-84710c7967bb, previousRequestId: no previous request id, message: /api/delivery/{everything} route does not require user to be authorized 
2022-07-07 00:47:30.3136||INFO|Ocelot.Requester.Middleware.HttpRequesterMiddleware|requestId: 80000021-0003-ff00-b63f-84710c7967bb, previousRequestId: no previous request id, message: 400 (Bad Request) status code, request uri: http://localhost:23170/api/delivery/admin/add-article 
2022-07-07 00:47:33.2516||INFO|Ocelot.RateLimit.Middleware.ClientRateLimitMiddleware|requestId: 80000022-0003-ff00-b63f-84710c7967bb, previousRequestId: no previous request id, message: EndpointRateLimiting is not enabled for /api/delivery/{everything} 
2022-07-07 00:47:33.2516||INFO|Ocelot.Authentication.Middleware.AuthenticationMiddleware|requestId: 80000022-0003-ff00-b63f-84710c7967bb, previousRequestId: no previous request id, message: No authentication needed for /api/delivery/admin/add-article 
2022-07-07 00:47:33.2516||INFO|Ocelot.Authorization.Middleware.AuthorizationMiddleware|requestId: 80000022-0003-ff00-b63f-84710c7967bb, previousRequestId: no previous request id, message: /api/delivery/{everything} route does not require user to be authorized 
2022-07-07 00:47:33.2809||INFO|Ocelot.Requester.Middleware.HttpRequesterMiddleware|requestId: 80000022-0003-ff00-b63f-84710c7967bb, previousRequestId: no previous request id, message: 400 (Bad Request) status code, request uri: http://localhost:23170/api/delivery/admin/add-article 
2022-07-07 00:49:47.6036||INFO|Ocelot.RateLimit.Middleware.ClientRateLimitMiddleware|requestId: 8000000b-0001-fe00-b63f-84710c7967bb, previousRequestId: no previous request id, message: EndpointRateLimiting is not enabled for /api/delivery/{everything} 
2022-07-07 00:49:47.6036||INFO|Ocelot.Authentication.Middleware.AuthenticationMiddleware|requestId: 8000000b-0001-fe00-b63f-84710c7967bb, previousRequestId: no previous request id, message: No authentication needed for /api/delivery/admin/add-article 
2022-07-07 00:49:47.6036||INFO|Ocelot.Authorization.Middleware.AuthorizationMiddleware|requestId: 8000000b-0001-fe00-b63f-84710c7967bb, previousRequestId: no previous request id, message: /api/delivery/{everything} route does not require user to be authorized 
2022-07-07 00:49:50.4119||INFO|Ocelot.Requester.Middleware.HttpRequesterMiddleware|requestId: 8000000b-0001-fe00-b63f-84710c7967bb, previousRequestId: no previous request id, message: 200 (OK) status code, request uri: http://localhost:23170/api/delivery/admin/add-article 
2022-07-07 00:50:07.2921||INFO|Ocelot.RateLimit.Middleware.ClientRateLimitMiddleware|requestId: 8000000d-0001-fe00-b63f-84710c7967bb, previousRequestId: no previous request id, message: EndpointRateLimiting is not enabled for /api/delivery/{everything} 
2022-07-07 00:50:07.2921||INFO|Ocelot.Authentication.Middleware.AuthenticationMiddleware|requestId: 8000000d-0001-fe00-b63f-84710c7967bb, previousRequestId: no previous request id, message: No authentication needed for /api/delivery/admin/add-article 
2022-07-07 00:50:07.2921||INFO|Ocelot.Authorization.Middleware.AuthorizationMiddleware|requestId: 8000000d-0001-fe00-b63f-84710c7967bb, previousRequestId: no previous request id, message: /api/delivery/{everything} route does not require user to be authorized 
2022-07-07 00:50:07.3217||INFO|Ocelot.Requester.Middleware.HttpRequesterMiddleware|requestId: 8000000d-0001-fe00-b63f-84710c7967bb, previousRequestId: no previous request id, message: 200 (OK) status code, request uri: http://localhost:23170/api/delivery/admin/add-article 
2022-07-07 00:50:29.0055||INFO|Ocelot.RateLimit.Middleware.ClientRateLimitMiddleware|requestId: 8000000f-0001-fe00-b63f-84710c7967bb, previousRequestId: no previous request id, message: EndpointRateLimiting is not enabled for /api/delivery/{everything} 
2022-07-07 00:50:29.0125||INFO|Ocelot.Authentication.Middleware.AuthenticationMiddleware|requestId: 8000000f-0001-fe00-b63f-84710c7967bb, previousRequestId: no previous request id, message: No authentication needed for /api/delivery/admin/add-article 
2022-07-07 00:50:29.0125||INFO|Ocelot.Authorization.Middleware.AuthorizationMiddleware|requestId: 8000000f-0001-fe00-b63f-84710c7967bb, previousRequestId: no previous request id, message: /api/delivery/{everything} route does not require user to be authorized 
2022-07-07 00:50:29.0318||INFO|Ocelot.Requester.Middleware.HttpRequesterMiddleware|requestId: 8000000f-0001-fe00-b63f-84710c7967bb, previousRequestId: no previous request id, message: 200 (OK) status code, request uri: http://localhost:23170/api/delivery/admin/add-article 
2022-07-07 00:51:16.2791||INFO|Ocelot.RateLimit.Middleware.ClientRateLimitMiddleware|requestId: 80000011-0001-fe00-b63f-84710c7967bb, previousRequestId: no previous request id, message: EndpointRateLimiting is not enabled for /api/delivery/{everything} 
2022-07-07 00:51:16.2791||INFO|Ocelot.Authentication.Middleware.AuthenticationMiddleware|requestId: 80000011-0001-fe00-b63f-84710c7967bb, previousRequestId: no previous request id, message: No authentication needed for /api/delivery/admin/add-article 
2022-07-07 00:51:16.2791||INFO|Ocelot.Authorization.Middleware.AuthorizationMiddleware|requestId: 80000011-0001-fe00-b63f-84710c7967bb, previousRequestId: no previous request id, message: /api/delivery/{everything} route does not require user to be authorized 
2022-07-07 00:51:16.3330||INFO|Ocelot.Requester.Middleware.HttpRequesterMiddleware|requestId: 80000011-0001-fe00-b63f-84710c7967bb, previousRequestId: no previous request id, message: 200 (OK) status code, request uri: http://localhost:23170/api/delivery/admin/add-article 
2022-07-07 00:51:47.8054||INFO|Ocelot.RateLimit.Middleware.ClientRateLimitMiddleware|requestId: 80000013-0001-fe00-b63f-84710c7967bb, previousRequestId: no previous request id, message: EndpointRateLimiting is not enabled for /api/delivery/{everything} 
2022-07-07 00:51:47.8092||INFO|Ocelot.Authentication.Middleware.AuthenticationMiddleware|requestId: 80000013-0001-fe00-b63f-84710c7967bb, previousRequestId: no previous request id, message: No authentication needed for /api/delivery/admin/add-article 
2022-07-07 00:51:47.8092||INFO|Ocelot.Authorization.Middleware.AuthorizationMiddleware|requestId: 80000013-0001-fe00-b63f-84710c7967bb, previousRequestId: no previous request id, message: /api/delivery/{everything} route does not require user to be authorized 
2022-07-07 00:51:47.8640||INFO|Ocelot.Requester.Middleware.HttpRequesterMiddleware|requestId: 80000013-0001-fe00-b63f-84710c7967bb, previousRequestId: no previous request id, message: 200 (OK) status code, request uri: http://localhost:23170/api/delivery/admin/add-article 
2022-07-07 00:52:15.7390||INFO|Ocelot.RateLimit.Middleware.ClientRateLimitMiddleware|requestId: 80000015-0001-fe00-b63f-84710c7967bb, previousRequestId: no previous request id, message: EndpointRateLimiting is not enabled for /api/delivery/{everything} 
2022-07-07 00:52:15.7390||INFO|Ocelot.Authentication.Middleware.AuthenticationMiddleware|requestId: 80000015-0001-fe00-b63f-84710c7967bb, previousRequestId: no previous request id, message: No authentication needed for /api/delivery/admin/add-article 
2022-07-07 00:52:15.7470||INFO|Ocelot.Authorization.Middleware.AuthorizationMiddleware|requestId: 80000015-0001-fe00-b63f-84710c7967bb, previousRequestId: no previous request id, message: /api/delivery/{everything} route does not require user to be authorized 
2022-07-07 00:52:15.7853||INFO|Ocelot.Requester.Middleware.HttpRequesterMiddleware|requestId: 80000015-0001-fe00-b63f-84710c7967bb, previousRequestId: no previous request id, message: 200 (OK) status code, request uri: http://localhost:23170/api/delivery/admin/add-article 
2022-07-07 00:54:10.0173||INFO|Ocelot.RateLimit.Middleware.ClientRateLimitMiddleware|requestId: 80000017-0001-fe00-b63f-84710c7967bb, previousRequestId: no previous request id, message: EndpointRateLimiting is not enabled for /api/delivery/{everything} 
2022-07-07 00:54:10.0173||INFO|Ocelot.Authentication.Middleware.AuthenticationMiddleware|requestId: 80000017-0001-fe00-b63f-84710c7967bb, previousRequestId: no previous request id, message: No authentication needed for /api/delivery/admin/all-orders 
2022-07-07 00:54:10.0173||INFO|Ocelot.Authorization.Middleware.AuthorizationMiddleware|requestId: 80000017-0001-fe00-b63f-84710c7967bb, previousRequestId: no previous request id, message: /api/delivery/{everything} route does not require user to be authorized 
2022-07-07 00:54:10.0915||INFO|Ocelot.Requester.Middleware.HttpRequesterMiddleware|requestId: 80000017-0001-fe00-b63f-84710c7967bb, previousRequestId: no previous request id, message: 200 (OK) status code, request uri: http://localhost:23170/api/delivery/admin/all-orders 
2022-07-07 00:54:13.0681||INFO|Ocelot.RateLimit.Middleware.ClientRateLimitMiddleware|requestId: 80000018-0001-fe00-b63f-84710c7967bb, previousRequestId: no previous request id, message: EndpointRateLimiting is not enabled for /api/delivery/{everything} 
2022-07-07 00:54:13.0711||INFO|Ocelot.Authentication.Middleware.AuthenticationMiddleware|requestId: 80000018-0001-fe00-b63f-84710c7967bb, previousRequestId: no previous request id, message: No authentication needed for /api/delivery/admin/all-orders 
2022-07-07 00:54:13.0711||INFO|Ocelot.Authorization.Middleware.AuthorizationMiddleware|requestId: 80000018-0001-fe00-b63f-84710c7967bb, previousRequestId: no previous request id, message: /api/delivery/{everything} route does not require user to be authorized 
2022-07-07 00:54:13.0711||INFO|Ocelot.Requester.Middleware.HttpRequesterMiddleware|requestId: 80000018-0001-fe00-b63f-84710c7967bb, previousRequestId: no previous request id, message: 200 (OK) status code, request uri: http://localhost:23170/api/delivery/admin/all-orders 
2022-07-07 00:54:14.9175||INFO|Ocelot.RateLimit.Middleware.ClientRateLimitMiddleware|requestId: 8000001a-0001-fe00-b63f-84710c7967bb, previousRequestId: no previous request id, message: EndpointRateLimiting is not enabled for /api/users/{everything} 
2022-07-07 00:54:14.9175||INFO|Ocelot.Authentication.Middleware.AuthenticationMiddleware|requestId: 8000001a-0001-fe00-b63f-84710c7967bb, previousRequestId: no previous request id, message: No authentication needed for /api/users/admin/all-deliverers 
2022-07-07 00:54:14.9175||INFO|Ocelot.Authorization.Middleware.AuthorizationMiddleware|requestId: 8000001a-0001-fe00-b63f-84710c7967bb, previousRequestId: no previous request id, message: /api/users/{everything} route does not require user to be authorized 
2022-07-07 00:54:15.1278||WARN|Ocelot.Requester.Middleware.HttpRequesterMiddleware|requestId: 8000001a-0001-fe00-b63f-84710c7967bb, previousRequestId: no previous request id, message: 401 (Unauthorized) status code, request uri: http://localhost:31210/api/users/admin/all-deliverers 
2022-07-07 00:54:32.3014||INFO|Ocelot.RateLimit.Middleware.ClientRateLimitMiddleware|requestId: 8000001c-0001-fe00-b63f-84710c7967bb, previousRequestId: no previous request id, message: EndpointRateLimiting is not enabled for /api/users/{everything} 
2022-07-07 00:54:32.3014||INFO|Ocelot.Authentication.Middleware.AuthenticationMiddleware|requestId: 8000001c-0001-fe00-b63f-84710c7967bb, previousRequestId: no previous request id, message: No authentication needed for /api/users/login 
2022-07-07 00:54:32.3014||INFO|Ocelot.Authorization.Middleware.AuthorizationMiddleware|requestId: 8000001c-0001-fe00-b63f-84710c7967bb, previousRequestId: no previous request id, message: /api/users/{everything} route does not require user to be authorized 
2022-07-07 00:54:33.0122||INFO|Ocelot.Requester.Middleware.HttpRequesterMiddleware|requestId: 8000001c-0001-fe00-b63f-84710c7967bb, previousRequestId: no previous request id, message: 200 (OK) status code, request uri: http://localhost:31210/api/users/login 
2022-07-07 00:54:33.0812||INFO|Ocelot.RateLimit.Middleware.ClientRateLimitMiddleware|requestId: 8000001e-0001-fe00-b63f-84710c7967bb, previousRequestId: no previous request id, message: EndpointRateLimiting is not enabled for /api/delivery/{everything} 
2022-07-07 00:54:33.0812||INFO|Ocelot.Authentication.Middleware.AuthenticationMiddleware|requestId: 8000001e-0001-fe00-b63f-84710c7967bb, previousRequestId: no previous request id, message: No authentication needed for /api/delivery/admin/all-orders 
2022-07-07 00:54:33.0879||INFO|Ocelot.Authorization.Middleware.AuthorizationMiddleware|requestId: 8000001e-0001-fe00-b63f-84710c7967bb, previousRequestId: no previous request id, message: /api/delivery/{everything} route does not require user to be authorized 
2022-07-07 00:54:33.0879||INFO|Ocelot.Requester.Middleware.HttpRequesterMiddleware|requestId: 8000001e-0001-fe00-b63f-84710c7967bb, previousRequestId: no previous request id, message: 200 (OK) status code, request uri: http://localhost:23170/api/delivery/admin/all-orders 
2022-07-07 00:54:36.4960||INFO|Ocelot.RateLimit.Middleware.ClientRateLimitMiddleware|requestId: 80000020-0001-fe00-b63f-84710c7967bb, previousRequestId: no previous request id, message: EndpointRateLimiting is not enabled for /api/users/{everything} 
2022-07-07 00:54:36.4960||INFO|Ocelot.Authentication.Middleware.AuthenticationMiddleware|requestId: 80000020-0001-fe00-b63f-84710c7967bb, previousRequestId: no previous request id, message: No authentication needed for /api/users/admin/all-deliverers 
2022-07-07 00:54:36.4960||INFO|Ocelot.Authorization.Middleware.AuthorizationMiddleware|requestId: 80000020-0001-fe00-b63f-84710c7967bb, previousRequestId: no previous request id, message: /api/users/{everything} route does not require user to be authorized 
2022-07-07 00:54:36.5135||WARN|Ocelot.Requester.Middleware.HttpRequesterMiddleware|requestId: 80000020-0001-fe00-b63f-84710c7967bb, previousRequestId: no previous request id, message: 401 (Unauthorized) status code, request uri: http://localhost:31210/api/users/admin/all-deliverers 
2022-07-07 00:56:13.0246||INFO|Ocelot.RateLimit.Middleware.ClientRateLimitMiddleware|requestId: 80000009-0002-fc00-b63f-84710c7967bb, previousRequestId: no previous request id, message: EndpointRateLimiting is not enabled for /api/users/{everything} 
2022-07-07 00:56:13.0246||INFO|Ocelot.Authentication.Middleware.AuthenticationMiddleware|requestId: 80000009-0002-fc00-b63f-84710c7967bb, previousRequestId: no previous request id, message: No authentication needed for /api/users/login 
2022-07-07 00:56:13.0246||INFO|Ocelot.Authorization.Middleware.AuthorizationMiddleware|requestId: 80000009-0002-fc00-b63f-84710c7967bb, previousRequestId: no previous request id, message: /api/users/{everything} route does not require user to be authorized 
2022-07-07 00:56:13.6028||INFO|Ocelot.Requester.Middleware.HttpRequesterMiddleware|requestId: 80000009-0002-fc00-b63f-84710c7967bb, previousRequestId: no previous request id, message: 200 (OK) status code, request uri: http://localhost:31210/api/users/login 
2022-07-07 00:56:13.6666||INFO|Ocelot.RateLimit.Middleware.ClientRateLimitMiddleware|requestId: 8000000b-0002-fc00-b63f-84710c7967bb, previousRequestId: no previous request id, message: EndpointRateLimiting is not enabled for /api/delivery/{everything} 
2022-07-07 00:56:13.6666||INFO|Ocelot.Authentication.Middleware.AuthenticationMiddleware|requestId: 8000000b-0002-fc00-b63f-84710c7967bb, previousRequestId: no previous request id, message: No authentication needed for /api/delivery/admin/all-orders 
2022-07-07 00:56:13.6666||INFO|Ocelot.Authorization.Middleware.AuthorizationMiddleware|requestId: 8000000b-0002-fc00-b63f-84710c7967bb, previousRequestId: no previous request id, message: /api/delivery/{everything} route does not require user to be authorized 
2022-07-07 00:56:13.7046||INFO|Ocelot.Requester.Middleware.HttpRequesterMiddleware|requestId: 8000000b-0002-fc00-b63f-84710c7967bb, previousRequestId: no previous request id, message: 200 (OK) status code, request uri: http://localhost:23170/api/delivery/admin/all-orders 
2022-07-07 00:56:18.3721||INFO|Ocelot.RateLimit.Middleware.ClientRateLimitMiddleware|requestId: 80000009-0000-fe00-b63f-84710c7967bb, previousRequestId: no previous request id, message: EndpointRateLimiting is not enabled for /api/users/{everything} 
2022-07-07 00:56:18.3721||INFO|Ocelot.Authentication.Middleware.AuthenticationMiddleware|requestId: 80000009-0000-fe00-b63f-84710c7967bb, previousRequestId: no previous request id, message: No authentication needed for /api/users/admin/all-deliverers 
2022-07-07 00:56:18.3721||INFO|Ocelot.Authorization.Middleware.AuthorizationMiddleware|requestId: 80000009-0000-fe00-b63f-84710c7967bb, previousRequestId: no previous request id, message: /api/users/{everything} route does not require user to be authorized 
2022-07-07 00:56:18.3910||WARN|Ocelot.Requester.Middleware.HttpRequesterMiddleware|requestId: 80000009-0000-fe00-b63f-84710c7967bb, previousRequestId: no previous request id, message: 401 (Unauthorized) status code, request uri: http://localhost:31210/api/users/admin/all-deliverers 
